<?xml version="1.0" encoding="UTF-8"?>
<robot generator="Robot 5.0 (Python 3.10.4 on win32)" generated="20220528 14:20:03.378" rpa="false" schemaversion="3">
<suite id="s1" name="Testesense" source="C:\Users\Kaleby\Documents\Estudos\Teste_epharma\Robot\Teste_Sense\TestCases\testesense.robot">
<test id="s1-t1" name="Processo de Compra da Loja Sauce" line="7">
<kw name="Nova sessão" library="sauce">
<kw name="Open Browser" library="SeleniumLibrary">
<arg>${Url}</arg>
<arg>${Navegador}</arg>
<doc>Opens a new browser instance to the optional ``url``.</doc>
<msg timestamp="20220528 14:20:03.524" level="INFO">Opening browser 'chrome' to base url 'https://www.saucedemo.com/'.</msg>
<status status="PASS" starttime="20220528 14:20:03.524" endtime="20220528 14:20:05.313"/>
</kw>
<kw name="Maximize Browser Window" library="SeleniumLibrary">
<doc>Maximizes current browser window.</doc>
<status status="PASS" starttime="20220528 14:20:05.313" endtime="20220528 14:20:05.426"/>
</kw>
<status status="PASS" starttime="20220528 14:20:03.523" endtime="20220528 14:20:05.426"/>
</kw>
<kw name="Efetuar Login" library="sauce">
<kw name="Input Text" library="SeleniumLibrary">
<arg>${Username}</arg>
<arg>standard_user</arg>
<doc>Types the given ``text`` into the text field identified by ``locator``.</doc>
<msg timestamp="20220528 14:20:05.426" level="INFO">Typing text 'standard_user' into text field 'id=user-name'.</msg>
<status status="PASS" starttime="20220528 14:20:05.426" endtime="20220528 14:20:05.508"/>
</kw>
<kw name="Input Text" library="SeleniumLibrary">
<arg>${Password}</arg>
<arg>secret_sauce</arg>
<doc>Types the given ``text`` into the text field identified by ``locator``.</doc>
<msg timestamp="20220528 14:20:05.509" level="INFO">Typing text 'secret_sauce' into text field 'id=password'.</msg>
<status status="PASS" starttime="20220528 14:20:05.508" endtime="20220528 14:20:05.576"/>
</kw>
<kw name="Wait Until Element Is Visible" library="SeleniumLibrary">
<arg>${Login}</arg>
<arg>timeout=5</arg>
<doc>Waits until the element ``locator`` is visible.</doc>
<status status="PASS" starttime="20220528 14:20:05.576" endtime="20220528 14:20:05.595"/>
</kw>
<kw name="Click Element" library="SeleniumLibrary">
<arg>${Login}</arg>
<doc>Click the element identified by ``locator``.</doc>
<msg timestamp="20220528 14:20:05.595" level="INFO">Clicking element 'id=login-button'.</msg>
<status status="PASS" starttime="20220528 14:20:05.595" endtime="20220528 14:20:05.678"/>
</kw>
<status status="PASS" starttime="20220528 14:20:05.426" endtime="20220528 14:20:05.678"/>
</kw>
<kw name="Selecionar produtos e encaminhar ao carrinho" library="sauce">
<kw name="Select From List By Label" library="SeleniumLibrary">
<arg>${Ordenar}</arg>
<arg>Price (low to high)</arg>
<doc>Selects options from selection list ``locator`` by ``labels``.</doc>
<msg timestamp="20220528 14:20:05.680" level="INFO">Selecting options from selection list 'css:select[class='product_sort_container']' by label Price (low to high).</msg>
<status status="PASS" starttime="20220528 14:20:05.679" endtime="20220528 14:20:05.768"/>
</kw>
<kw name="Click Element" library="SeleniumLibrary">
<arg>${Product}</arg>
<doc>Click the element identified by ``locator``.</doc>
<msg timestamp="20220528 14:20:05.768" level="INFO">Clicking element 'id=add-to-cart-sauce-labs-onesie'.</msg>
<status status="PASS" starttime="20220528 14:20:05.768" endtime="20220528 14:20:05.800"/>
</kw>
<kw name="Click Element" library="SeleniumLibrary">
<arg>${Product_red}</arg>
<doc>Click the element identified by ``locator``.</doc>
<msg timestamp="20220528 14:20:05.800" level="INFO">Clicking element 'id=add-to-cart-test.allthethings()-t-shirt-(red)'.</msg>
<status status="PASS" starttime="20220528 14:20:05.800" endtime="20220528 14:20:05.831"/>
</kw>
<kw name="Wait Until Element Is Visible" library="SeleniumLibrary">
<arg>${Cart}</arg>
<arg>timeout=5</arg>
<doc>Waits until the element ``locator`` is visible.</doc>
<status status="PASS" starttime="20220528 14:20:05.831" endtime="20220528 14:20:05.846"/>
</kw>
<kw name="Click Element" library="SeleniumLibrary">
<arg>${Cart}</arg>
<doc>Click the element identified by ``locator``.</doc>
<msg timestamp="20220528 14:20:05.846" level="INFO">Clicking element 'id=shopping_cart_container'.</msg>
<status status="PASS" starttime="20220528 14:20:05.846" endtime="20220528 14:20:05.882"/>
</kw>
<status status="PASS" starttime="20220528 14:20:05.679" endtime="20220528 14:20:05.882"/>
</kw>
<kw name="Clicar em Checkout" library="sauce">
<kw name="Wait Until Element Is Visible" library="SeleniumLibrary">
<arg>${Checkout}</arg>
<arg>timeout=5</arg>
<doc>Waits until the element ``locator`` is visible.</doc>
<status status="PASS" starttime="20220528 14:20:05.882" endtime="20220528 14:20:05.896"/>
</kw>
<kw name="Click Element" library="SeleniumLibrary">
<arg>${Checkout}</arg>
<doc>Click the element identified by ``locator``.</doc>
<msg timestamp="20220528 14:20:05.897" level="INFO">Clicking element 'id=checkout'.</msg>
<status status="PASS" starttime="20220528 14:20:05.896" endtime="20220528 14:20:05.926"/>
</kw>
<status status="PASS" starttime="20220528 14:20:05.882" endtime="20220528 14:20:05.926"/>
</kw>
<kw name="Preencher dados para envio" library="sauce">
<kw name="Input Text" library="SeleniumLibrary">
<arg>${first-name}</arg>
<arg>Kaleby</arg>
<doc>Types the given ``text`` into the text field identified by ``locator``.</doc>
<msg timestamp="20220528 14:20:05.927" level="INFO">Typing text 'Kaleby' into text field 'id=first-name'.</msg>
<status status="PASS" starttime="20220528 14:20:05.927" endtime="20220528 14:20:05.986"/>
</kw>
<kw name="Input Text" library="SeleniumLibrary">
<arg>${last-name}</arg>
<arg>Porfirio</arg>
<doc>Types the given ``text`` into the text field identified by ``locator``.</doc>
<msg timestamp="20220528 14:20:05.987" level="INFO">Typing text 'Porfirio' into text field 'id=last-name'.</msg>
<status status="PASS" starttime="20220528 14:20:05.987" endtime="20220528 14:20:06.046"/>
</kw>
<kw name="Input Text" library="SeleniumLibrary">
<arg>${Cep}</arg>
<arg>60541-902</arg>
<doc>Types the given ``text`` into the text field identified by ``locator``.</doc>
<msg timestamp="20220528 14:20:06.046" level="INFO">Typing text '60541-902' into text field 'id=postal-code'.</msg>
<status status="PASS" starttime="20220528 14:20:06.046" endtime="20220528 14:20:06.270"/>
</kw>
<kw name="Wait Until Element Is Visible" library="SeleniumLibrary">
<arg>${Continue}</arg>
<arg>timeout=10</arg>
<doc>Waits until the element ``locator`` is visible.</doc>
<status status="PASS" starttime="20220528 14:20:06.271" endtime="20220528 14:20:06.326"/>
</kw>
<kw name="Click Element" library="SeleniumLibrary">
<arg>${Continue}</arg>
<doc>Click the element identified by ``locator``.</doc>
<msg timestamp="20220528 14:20:06.327" level="INFO">Clicking element 'id=continue'.</msg>
<status status="PASS" starttime="20220528 14:20:06.326" endtime="20220528 14:20:06.466"/>
</kw>
<status status="PASS" starttime="20220528 14:20:05.927" endtime="20220528 14:20:06.466"/>
</kw>
<kw name="Finalizar Compra" library="sauce">
<kw name="Wait Until Element Is Visible" library="SeleniumLibrary">
<arg>${Finish}</arg>
<arg>timeout=10</arg>
<doc>Waits until the element ``locator`` is visible.</doc>
<status status="PASS" starttime="20220528 14:20:06.475" endtime="20220528 14:20:06.517"/>
</kw>
<kw name="Click Element" library="SeleniumLibrary">
<arg>${Finish}</arg>
<doc>Click the element identified by ``locator``.</doc>
<msg timestamp="20220528 14:20:06.517" level="INFO">Clicking element 'id=finish'.</msg>
<status status="PASS" starttime="20220528 14:20:06.517" endtime="20220528 14:20:06.675"/>
</kw>
<status status="PASS" starttime="20220528 14:20:06.475" endtime="20220528 14:20:06.676"/>
</kw>
<kw name="Encerrar sessão" library="sauce">
<kw name="Close Browser" library="SeleniumLibrary">
<doc>Closes the current browser.</doc>
<status status="PASS" starttime="20220528 14:20:06.706" endtime="20220528 14:20:09.160"/>
</kw>
<status status="PASS" starttime="20220528 14:20:06.706" endtime="20220528 14:20:09.160"/>
</kw>
<status status="PASS" starttime="20220528 14:20:03.523" endtime="20220528 14:20:09.160"/>
</test>
<status status="PASS" starttime="20220528 14:20:03.378" endtime="20220528 14:20:09.161"/>
</suite>
<statistics>
<total>
<stat pass="1" fail="0" skip="0">All Tests</stat>
</total>
<tag>
</tag>
<suite>
<stat pass="1" fail="0" skip="0" id="s1" name="Testesense">Testesense</stat>
</suite>
</statistics>
<errors>
</errors>
</robot>
